<?xml version="1.0" encoding="UTF-8"?>
<testng-results skipped="0" failed="1" ignored="0" total="2" passed="1">
  <reporter-output>
  </reporter-output>
  <suite name="Suite1" duration-ms="37644" started-at="2020-06-09T11:08:53 CST" finished-at="2020-06-09T11:09:31 CST">
    <groups>
      <group name="cucumber">
        <method signature="AbstractTestNGCucumberTests.runScenario(io.cucumber.testng.PickleWrapper, io.cucumber.testng.FeatureWrapper)[pri:0, instance:testRunner.Runner@20398b7c]" name="runScenario" class="io.cucumber.testng.AbstractTestNGCucumberTests"/>
      </group> <!-- cucumber -->
    </groups>
    <test name="Automated Tests" duration-ms="37644" started-at="2020-06-09T11:08:53 CST" finished-at="2020-06-09T11:09:31 CST">
      <class name="testRunner.Runner">
        <test-method status="PASS" signature="setUpClass()[pri:0, instance:testRunner.Runner@20398b7c]" name="setUpClass" is-config="true" duration-ms="210" started-at="2020-06-09T11:08:54 CST" finished-at="2020-06-09T11:08:54 CST">
          <reporter-output>
          </reporter-output>
        </test-method> <!-- setUpClass -->
        <test-method status="PASS" signature="setUpScenario(java.lang.String, java.lang.String, java.lang.String)[pri:0, instance:testRunner.Runner@20398b7c]" name="setUpScenario" is-config="true" duration-ms="0" started-at="2020-06-09T11:08:54 CST" finished-at="2020-06-09T11:08:54 CST">
          <params>
            <param index="0">
              <value>
                <![CDATA[https://www.phptravels.net/home]]>
              </value>
            </param>
            <param index="1">
              <value>
                <![CDATA[user@phptravels.com]]>
              </value>
            </param>
            <param index="2">
              <value>
                <![CDATA[asd]]>
              </value>
            </param>
          </params>
          <reporter-output>
          </reporter-output>
        </test-method> <!-- setUpScenario -->
        <test-method status="FAIL" signature="runScenario(io.cucumber.testng.PickleWrapper, io.cucumber.testng.FeatureWrapper)[pri:0, instance:testRunner.Runner@20398b7c]" name="runScenario" duration-ms="23856" started-at="2020-06-09T11:08:54 CST" description="Runs Cucumber Scenarios" data-provider="scenarios" finished-at="2020-06-09T11:09:18 CST">
          <params>
            <param index="0">
              <value>
                <![CDATA["TC- Validate the authentication of a valid user."]]>
              </value>
            </param>
            <param index="1">
              <value>
                <![CDATA[""]]>
              </value>
            </param>
          </params>
          <exception class="org.openqa.selenium.NoSuchElementException">
            <message>
              <![CDATA[no such element: Unable to locate element: {"method":"xpath","selector":"/html/body/div[2]/div[1]/div[1]/div/div/div[1]/div/div[2]/h3"}
  (Session info: chrome=83.0.4103.97)
For documentation on this error, please visit: https://www.seleniumhq.org/exceptions/no_such_element.html
Build info: version: '3.141.59', revision: 'e82be7d358', time: '2018-11-14T08:17:03'
System info: host: 'CR-DSR-30', ip: '192.168.217.1', os.name: 'Windows 10', os.arch: 'amd64', os.version: '10.0', java.version: '1.8.0_191'
Driver info: org.openqa.selenium.chrome.ChromeDriver
Capabilities {acceptInsecureCerts: false, browserName: chrome, browserVersion: 83.0.4103.97, chrome: {chromedriverVersion: 83.0.4103.39 (ccbf011cb2d2b..., userDataDir: C:\Users\MARLON~1.JIM\AppDa...}, goog:chromeOptions: {debuggerAddress: localhost:54043}, javascriptEnabled: true, networkConnectionEnabled: false, pageLoadStrategy: normal, platform: WINDOWS, platformName: WINDOWS, proxy: Proxy(), setWindowRect: true, strictFileInteractability: false, timeouts: {implicit: 0, pageLoad: 300000, script: 30000}, unhandledPromptBehavior: dismiss and notify, webauthn:virtualAuthenticators: true}
Session ID: 4b6e9edb2acbeb9ed7a9333e2f2b9bce
*** Element info: {Using=xpath, value=/html/body/div[2]/div[1]/div[1]/div/div/div[1]/div/div[2]/h3}]]>
            </message>
            <full-stacktrace>
              <![CDATA[org.openqa.selenium.NoSuchElementException: no such element: Unable to locate element: {"method":"xpath","selector":"/html/body/div[2]/div[1]/div[1]/div/div/div[1]/div/div[2]/h3"}
  (Session info: chrome=83.0.4103.97)
For documentation on this error, please visit: https://www.seleniumhq.org/exceptions/no_such_element.html
Build info: version: '3.141.59', revision: 'e82be7d358', time: '2018-11-14T08:17:03'
System info: host: 'CR-DSR-30', ip: '192.168.217.1', os.name: 'Windows 10', os.arch: 'amd64', os.version: '10.0', java.version: '1.8.0_191'
Driver info: org.openqa.selenium.chrome.ChromeDriver
Capabilities {acceptInsecureCerts: false, browserName: chrome, browserVersion: 83.0.4103.97, chrome: {chromedriverVersion: 83.0.4103.39 (ccbf011cb2d2b..., userDataDir: C:\Users\MARLON~1.JIM\AppDa...}, goog:chromeOptions: {debuggerAddress: localhost:54043}, javascriptEnabled: true, networkConnectionEnabled: false, pageLoadStrategy: normal, platform: WINDOWS, platformName: WINDOWS, proxy: Proxy(), setWindowRect: true, strictFileInteractability: false, timeouts: {implicit: 0, pageLoad: 300000, script: 30000}, unhandledPromptBehavior: dismiss and notify, webauthn:virtualAuthenticators: true}
Session ID: 4b6e9edb2acbeb9ed7a9333e2f2b9bce
*** Element info: {Using=xpath, value=/html/body/div[2]/div[1]/div[1]/div/div/div[1]/div/div[2]/h3}
at sun.reflect.NativeConstructorAccessorImpl.newInstance0(Native Method)
at sun.reflect.NativeConstructorAccessorImpl.newInstance(NativeConstructorAccessorImpl.java:62)
at sun.reflect.DelegatingConstructorAccessorImpl.newInstance(DelegatingConstructorAccessorImpl.java:45)
at java.lang.reflect.Constructor.newInstance(Constructor.java:423)
at org.openqa.selenium.remote.http.W3CHttpResponseCodec.createException(W3CHttpResponseCodec.java:187)
at org.openqa.selenium.remote.http.W3CHttpResponseCodec.decode(W3CHttpResponseCodec.java:122)
at org.openqa.selenium.remote.http.W3CHttpResponseCodec.decode(W3CHttpResponseCodec.java:49)
at org.openqa.selenium.remote.HttpCommandExecutor.execute(HttpCommandExecutor.java:158)
at org.openqa.selenium.remote.service.DriverCommandExecutor.execute(DriverCommandExecutor.java:83)
at org.openqa.selenium.remote.RemoteWebDriver.execute(RemoteWebDriver.java:552)
at org.openqa.selenium.remote.RemoteWebDriver.findElement(RemoteWebDriver.java:323)
at org.openqa.selenium.remote.RemoteWebDriver.findElementByXPath(RemoteWebDriver.java:428)
at org.openqa.selenium.By$ByXPath.findElement(By.java:353)
at org.openqa.selenium.remote.RemoteWebDriver.findElement(RemoteWebDriver.java:315)
at TestBase.BaseT.getTextTitle(BaseT.java:46)
at stepDefinitions.LoginSteps.we_reach_the_home_page_of_a_signed_user(LoginSteps.java:46)
at ✽.We reach the home page of a signed user(file:///C:/Users/marlon.jimenez/IdeaProjects/TestNGCucuProject/Features/Scenario%231.feature:10)
]]>
            </full-stacktrace>
          </exception> <!-- org.openqa.selenium.NoSuchElementException -->
          <reporter-output>
          </reporter-output>
        </test-method> <!-- runScenario -->
        <test-method status="PASS" signature="runScenario(io.cucumber.testng.PickleWrapper, io.cucumber.testng.FeatureWrapper)[pri:0, instance:testRunner.Runner@20398b7c]" name="runScenario" duration-ms="13474" started-at="2020-06-09T11:09:18 CST" description="Runs Cucumber Scenarios" data-provider="scenarios" finished-at="2020-06-09T11:09:31 CST">
          <params>
            <param index="0">
              <value>
                <![CDATA["TC- Validate system deny login of a invalid user."]]>
              </value>
            </param>
            <param index="1">
              <value>
                <![CDATA[""]]>
              </value>
            </param>
          </params>
          <reporter-output>
          </reporter-output>
        </test-method> <!-- runScenario -->
        <test-method status="PASS" signature="tearDownClass()[pri:0, instance:testRunner.Runner@20398b7c]" name="tearDownClass" is-config="true" duration-ms="55" started-at="2020-06-09T11:09:31 CST" finished-at="2020-06-09T11:09:31 CST">
          <reporter-output>
          </reporter-output>
        </test-method> <!-- tearDownClass -->
      </class> <!-- testRunner.Runner -->
    </test> <!-- Automated Tests -->
  </suite> <!-- Suite1 -->
</testng-results>
